<?xml version="1.0" encoding="UTF-8"?>
<!-- Generated by org.testng.reporters.JUnitReportReporter -->
<testsuite hostname="WSD008" name="com.uat.TestCases.VerifyLoginFucntionality" tests="2" failures="0" timestamp="17 Mar 2017 05:59:45 GMT" time="43.570" errors="0">
  <testcase name="verifyValidLogin" time="16.615" classname="com.uat.TestCases.VerifyLoginFucntionality"/>
  <testcase name="verifyValidLogin" time="26.955" classname="com.uat.TestCases.VerifyLoginFucntionality"/>
</testsuite> <!-- com.uat.TestCases.VerifyLoginFucntionality -->
