<?xml version="1.0" encoding="UTF-8"?>
<!-- Generated by org.testng.reporters.JUnitReportReporter -->
<testsuite hostname="a-0d60a2f203f14" name="com.qtpselenium.suite.shop.AddProductTest" tests="3" failures="3" timestamp="20 Dec 2011 03:45:48 GMT" time="0.000" errors="0">
  <testcase name="addProductToBasket" time="0.000" classname="com.qtpselenium.suite.shop.AddProductTest"/>
  <testcase name="addProductToBasket" time="0.000" classname="com.qtpselenium.suite.shop.AddProductTest"/>
  <testcase name="addProductToBasket" time="0.000" classname="com.qtpselenium.suite.shop.AddProductTest"/>
</testsuite>
