<?xml version="1.0" encoding="UTF-8"?>
<!-- Generated by org.testng.reporters.JUnitReportReporter -->
<testsuite hostname="a-0d60a2f203f14" name="com.qtpselenium.suite.productdisplay.TestCase_C1" tests="4" failures="4" timestamp="20 Dec 2011 03:45:48 GMT" time="0.000" errors="0">
  <testcase name="testcaseC1" time="0.000" classname="com.qtpselenium.suite.productdisplay.TestCase_C1"/>
  <testcase name="testcaseC1" time="0.000" classname="com.qtpselenium.suite.productdisplay.TestCase_C1"/>
  <testcase name="testcaseC1" time="0.000" classname="com.qtpselenium.suite.productdisplay.TestCase_C1"/>
  <testcase name="testcaseC1" time="0.000" classname="com.qtpselenium.suite.productdisplay.TestCase_C1"/>
</testsuite>
