<?xml version="1.0" encoding="UTF-8"?>
<!-- Generated by org.testng.reporters.JUnitReportReporter -->
<testsuite hostname="a-0d60a2f203f14" name="com.qtpselenium.suite.shop.RandomSelection" tests="1" failures="0" timestamp="20 Dec 2011 03:45:48 GMT" time="76.641" errors="0">
  <testcase name="testSelection" time="76.641" classname="com.qtpselenium.suite.shop.RandomSelection"/>
</testsuite>
