<?xml version="1.0" encoding="UTF-8"?>
<!-- Generated by org.testng.reporters.JUnitReportReporter -->
<testsuite hostname="a-0d60a2f203f14" name="com.qtpselenium.suite.cart.TestCase_B2" tests="1" failures="1" timestamp="20 Dec 2011 03:45:48 GMT" time="0.000" errors="0">
  <testcase name="testcaseB2" time="0.000" classname="com.qtpselenium.suite.cart.TestCase_B2"/>
</testsuite>
